<?xml version="1.0" encoding="UTF-8"?>
<!-- Generated by org.testng.reporters.JUnitXMLReporter -->
<testsuite ignored="0" hostname="DAVID-PC" failures="0" tests="4" name="AmazonWebsite Test" time="50.677" errors="0" timestamp="2024-01-26T01:44:14 IST">
  <testcase classname="tests.testCases" name="goTo" time="3.024"/>
  <testcase classname="tests.testCases" name="searchProducts" time="1.778"/>
  <testcase classname="tests.testCases" name="selectProduct" time="22.941"/>
  <testcase classname="tests.testCases" name="selectQuantity" time="14.448"/>
</testsuite> <!-- AmazonWebsite Test -->
